Id:'MLA863267784'    CategoryName:'Monitores'            CategoryId:'MLA14407'             Title:'Monitor Dell P2018h Led 19.5  Negro 110v/220v' 
Id:'MLA870592467'    CategoryName:'Routers'              CategoryId:'MLA430901'            Title:'Router Linksys E2500 Negro 1 Unidad' 
Id:'MLA740540307'    CategoryName:'PC'                   CategoryId:'MLA1649'              Title:'Servidor Poweredge Dell T40 Xeon E3-1225 8gb 1tb Hd Free Dos' 
Id:'MLA663208480'    CategoryName:'Notebooks'            CategoryId:'MLA1652'              Title:'Notebook Laptop Dell Inspiron I5 16g 256ssd Ubuntu Ram' 
Id:'MLA614270244'    CategoryName:'UPS'                  CategoryId:'MLA1720'              Title:'Ups Apc 1000va Para Pc Gamer Simil Bx1100 Bv1000i-ar Estabilizador Y Protector De Tension Gtia Oficial 2 Años' 
Id:'MLA838441150'    CategoryName:'PC'                   CategoryId:'MLA1649'              Title:'Servidor Poweredge Dell T40 Xeon E3-2224 16gb 1tb Hd Gtia' 
Id:'MLA836303021'    CategoryName:'Notebooks'            CategoryId:'MLA1652'              Title:'Notebook Dell Latitude I5 16gb 256ssd 14 Win10 Pro Ram' 
Id:'MLA625205834'    CategoryName:'UPS'                  CategoryId:'MLA1720'              Title:'Ups Apc 800va 6 T Estabilizador Y Protector De Tension Gtia Oficial 2 Años Bx800 Para Tv, Play, Equipos De Audio' 
Id:'MLA609550688'    CategoryName:'UPS'                  CategoryId:'MLA1720'              Title:'Ups Apc Easy 500va Estabilizador Y Protector De Tension Con Ahorro De Energia Gtia Oficial 2 Años' 
Id:'MLA702423108'    CategoryName:'PC'                   CategoryId:'MLA1649'              Title:'Pc De Escritorio Dell I5 8gb Hd 1tb Win10 Pro Vostro Ram Para Uso Hogar Y Empresa - Garantia Oficial' 
Id:'MLA619999038'    CategoryName:'UPS'                  CategoryId:'MLA1720'              Title:'Ups Apc 550va 3 Tomas Gtia Oficial 2 Años Estabilizador Y Protector De Tension Con Ahorro De Energia' 
Id:'MLA833393643'    CategoryName:'Notebooks'            CategoryId:'MLA1652'              Title:'Notebook Laptop Dell Inspiron I5 10g 8g 256gb Ubuntu Oferta' 
Id:'MLA689148569'    CategoryName:'Switches'             CategoryId:'MLA1708'              Title:'Switch 8 Bocas Cisco 8 Puertos 10/100mbps Para Hogar Y Empresa - Garantia Oficial - Factura A Y B' 
Id:'MLA800415301'    CategoryName:'PC'                   CategoryId:'MLA1649'              Title:'Servidor Dell T140 Xeon E3-2124 16gb 2tb Reemplazo T130' 
Id:'MLA609116302'    CategoryName:'UPS'                  CategoryId:'MLA1720'              Title:'Ups Apc 1500va Con Ahorro De Energa Estabilizador Y Protector De Tension Gtia Oficial Ideal Para Uso Gamer' 
Id:'MLA609115444'    CategoryName:'UPS'                  CategoryId:'MLA1720'              Title:'Ups Apc De Alto Rendimiento 1200va Estabilizador Y Protector De Tension Garantía Oficial De 2 Años Ups' 
Id:'MLA872001640'    CategoryName:'PC'                   CategoryId:'MLA1649'              Title:'Pc Vostro Dell I5 8gb Hd 1tb Win10p + Monitor Cuotas' 
Id:'MLA846968526'    CategoryName:'UPS'                  CategoryId:'MLA1720'              Title:'Ups Apc Bv1000 Estabilza Y Protege Tensión Entrega Inmediata' 
Id:'MLA839633052'    CategoryName:'UPS'                  CategoryId:'MLA1720'              Title:'Ups Apc Easy Bv500i-ar 500va Bv500 Gtia Oficial 2 Años' 
Id:'MLA862050665'    CategoryName:'PC'                   CategoryId:'MLA1649'              Title:'Servidor Poweredge Dell T40 Intel E3-2224 16gb 1tb Hd Cuotas' 
Id:'MLA677347584'    CategoryName:'Notebooks'            CategoryId:'MLA1652'              Title:'Notebook Dell Inspiron I3 8gb 1tb 14 Win 10 Teclado Con Ñ Garantia De Tienda Oficial - Factura A Y B Ram' 
Id:'MLA864665962'    CategoryName:'Scanners'             CategoryId:'MLA72721'             Title:'Escaner Iris Desk Pro 5 Ideal Libros Documentos Usb' 
Id:'MLA814217735'    CategoryName:'PC'                   CategoryId:'MLA1649'              Title:'Servidor Dell T140 Xeon E3-2124 32gb 4tb Reemplazo T130' 
Id:'MLA870125549'    CategoryName:'Notebooks'            CategoryId:'MLA1652'              Title:'Notebook Laptop Dell Inspiron I5 16g 256ssd + 1tb Ubuntu Ram' 
Id:'MLA685442543'    CategoryName:'Switches'             CategoryId:'MLA1708'              Title:'Switch Cisco Sg110-24 24 Puertos Gigabit Rack (ex. Sg100-24)' 
Id:'MLA846185645'    CategoryName:'Scanners'             CategoryId:'MLA72721'             Title:'Iris Pen Air 7 Lapiz Escaner Portátil Usb Ocr Traductor' 
Id:'MLA723629779'    CategoryName:'Notebooks'            CategoryId:'MLA1652'              Title:'Notebook Dell Vostro I5 14 8g 256ssd Win10 Pro Teclado Con Ñ Gtia De Tienda Oficial - Factura A Y B' 
Id:'MLA654228009'    CategoryName:'PC'                   CategoryId:'MLA1649'              Title:'Pc Dell Optiplex Intel I5 4gb 1tb Windows 10 Pro Oferta' 
Id:'MLA609714710'    CategoryName:'UPS'                  CategoryId:'MLA1720'              Title:'Ups Apc 900va Back-ups 6 Tomas Estabilizador Y Protector De Tension Gtia Oficial 2años Br900 Para Tv, Play, Pc' 
Id:'MLA634471245'    CategoryName:'Scanners'             CategoryId:'MLA72721'             Title:'Scanner Portátil De Mano Iris Book 3 Iriscan Ocr Microsd Usb' 
Id:'MLA839086917'    CategoryName:'Routers'              CategoryId:'MLA430901'            Title:'Router Linksys Ea8300 Tri Band Wifi Ac2200 Mu-mino Oferta' 
Id:'MLA665986505'    CategoryName:'PC'                   CategoryId:'MLA1649'              Title:'Servidor Dell T140 Xeon E3-2124 16gb 2tb Reemplazo T130' 
Id:'MLA857018527'    CategoryName:'Notebooks'            CategoryId:'MLA1652'              Title:'Notebook Laptop Dell Inspiron I5 16g 256ssd Ubuntu Ram' 
Id:'MLA846965428'    CategoryName:'UPS'                  CategoryId:'MLA1720'              Title:'Ups Apc Bv500 Estabilizador Protector Tension Entreg Inmedit' 
Id:'MLA659248541'    CategoryName:'Monitores'            CategoryId:'MLA14407'             Title:'Monitor Gamer Hd Dell Led Profesional 20 Dp Vertical' 
Id:'MLA620000215'    CategoryName:'Routers'              CategoryId:'MLA430901'            Title:'Router Wifi Linksys Dual Band 2 Antenas Usb 3.0 Conectar Equipos De Hogar Y Empresas Gtia Oficial  Factura A Y B' 
Id:'MLA812781294'    CategoryName:'Notebooks'            CategoryId:'MLA1652'              Title:'Notebook Dell Vostro I5 16gb 256ssd 14hd Win10 Profesional' 
Id:'MLA873893259'    CategoryName:'Tóners'               CategoryId:'MLA3560'              Title:'Toner Lexmark Mx 317/417/517 Ms 2500 P 51b4000' 
Id:'MLA604317175'    CategoryName:'UPS'                  CategoryId:'MLA1720'              Title:'Ups Apc 800va 6 Tomas Estabilizador Y Protector De Tension Gtia Oficial De 2 Años Para Gamer Bx800 Para Tv, Play' 
Id:'MLA619242948'    CategoryName:'Routers'              CategoryId:'MLA430901'            Title:'Router Wifi Linksys Dual Band 600mbps 802.11n Usb' 
Id:'MLA604049998'    CategoryName:'UPS'                  CategoryId:'MLA1720'              Title:'Ups Apc Easy Bv650i-ar 650va Gtia Oficial 2 Años Bv650' 
Id:'MLA663219401'    CategoryName:'Notebooks'            CategoryId:'MLA1652'              Title:'Notebook Dell I5 8gb Ssd 256gb 13,3 Win10' 
Id:'MLA665048554'    CategoryName:'Scanners'             CategoryId:'MLA72721'             Title:'Escaner Kodak Scanmate I940 Portatil De Mano Duplex 20ppm' 
Id:'MLA673321805'    CategoryName:'UPS'                  CategoryId:'MLA1720'              Title:'Ups Apc 1500va Estabilizador Y Protector De Tension - Alto Rendimiento Para Pc De Hogar Y Oficina Gtia 2años' 
Id:'MLA838954057'    CategoryName:'Routers'              CategoryId:'MLA430901'            Title:'Router Linksys Wifi Ea7300 Mimo Smart Router Ac1750' 
Id:'MLA678685394'    CategoryName:'Notebooks'            CategoryId:'MLA1652'              Title:'Notebook Dell I3 8gb 1tb + 240ssd 14 Win10 Ram Oferta' 
Id:'MLA609714711'    CategoryName:'UPS'                  CategoryId:'MLA1720'              Title:'Ups Apc Back-ups Pro 550va 230 Estabilizador Y Protector De Tensión Con Ahorro De Energia Gtia Oficial Br550' 
Id:'MLA723753317'    CategoryName:'UPS'                  CategoryId:'MLA1720'              Title:'Ups Apc Br900g-ar 900va 6 Tomas Estabilizador Gtia 2 Años' 
Id:'MLA678026676'    CategoryName:'Switches'             CategoryId:'MLA1708'              Title:'Switch Cisco 24 Puertos 10/100 Rackeable No Adm Para Hogar Y Empresa - Garantia Oficial - Factura A Y B' 
Id:'MLA763012088'    CategoryName:'Monitores'            CategoryId:'MLA14407'             Title:'Monitor Dell 24 Profesional P2419h 1080 60hz Vertical' 
